{
  "stats": {
    "suites": 1,
    "tests": 1,
    "passes": 1,
    "pending": 0,
    "failures": 0,
    "start": "2021-11-10T14:12:40.831Z",
    "end": "2021-11-10T14:13:15.565Z",
    "duration": 34734,
    "testsRegistered": 1,
    "passPercent": 100,
    "pendingPercent": 0,
    "other": 0,
    "hasOther": false,
    "skipped": 0,
    "hasSkipped": false
  },
  "results": [
    {
      "uuid": "63480390-d02d-4f97-a45e-dc6cb65dfa80",
      "title": "",
      "fullFile": "cypress/integration/hello-percy.spec.js",
      "file": "cypress/integration/hello-percy.spec.js",
      "beforeHooks": [],
      "afterHooks": [],
      "tests": [],
      "suites": [
        {
          "uuid": "87a6dbc1-da47-4540-a054-3ea25923db46",
          "title": "perfom a valid login",
          "fullFile": "",
          "file": "",
          "beforeHooks": [],
          "afterHooks": [],
          "tests": [
            {
              "title": "testcase-test",
              "fullTitle": "perfom a valid login testcase-test",
              "timedOut": null,
              "duration": 24986,
              "state": "passed",
              "speed": "slow",
              "pass": true,
              "fail": false,
              "pending": false,
              "context": null,
              "code": "cy.visit('http://localhost:3000/login?redirect=%2Flogin');\ncy.title('Testers Hotel');\ncy.wait(1000);\ncy.contains('Login'); // we are at login page\ncy.log('Login');\ncy.percySnapshot('index-page');\ncy.wait(1000);\ncy.get(':nth-child(1) > input').type('tester01');\ncy.get(':nth-child(2) > input').type('GteteqbQQgSr88SwNExUQv2ydb7xuf8c');\ncy.wait(1000);\ncy.get('.btn').click();\ncy.wait(1000); // we are at dashboardpage\ncy.contains('Tester Hotel Overview');\ncy.log('Login');\ncy.percySnapshot('Tester Hotel Overview'); // cy.wait(1000)\n// cy.get('.user > .btn').click()",
              "err": {},
              "uuid": "cdf7a7c1-9812-4f67-a982-6aa72e53d3ce",
              "parentUUID": "87a6dbc1-da47-4540-a054-3ea25923db46",
              "isHook": false,
              "skipped": false
            }
          ],
          "suites": [],
          "passes": [
            "cdf7a7c1-9812-4f67-a982-6aa72e53d3ce"
          ],
          "failures": [],
          "pending": [],
          "skipped": [],
          "duration": 24986,
          "root": false,
          "rootEmpty": false,
          "_timeout": 2000
        }
      ],
      "passes": [],
      "failures": [],
      "pending": [],
      "skipped": [],
      "duration": 0,
      "root": true,
      "rootEmpty": true,
      "_timeout": 2000
    }
  ],
  "meta": {
    "mocha": {
      "version": "7.0.1"
    },
    "mochawesome": {
      "options": {
        "quiet": false,
        "reportFilename": "mochawesome",
        "saveHtml": true,
        "saveJson": true,
        "consoleReporter": "spec",
        "useInlineDiffs": false,
        "code": true
      },
      "version": "7.0.1"
    },
    "marge": {
      "options": null,
      "version": "6.0.1"
    }
  }
}